2025-05-30 16:23:48,302 - blueprints.features.file_utils - WARNING - python-magic not available. Try installing python-magic-bin on Windows
2025-05-30 16:23:48,311 - web_scraper - INFO - Processing URL: https://arxiv.org/abs/2301.00001 with setting: pdf
2025-05-30 16:23:48,313 - web_scraper - INFO - Ensured output directory exists: test_output
2025-05-30 16:23:48,314 - web_scraper - INFO - PDF download mode for: https://arxiv.org/abs/2301.00001
2025-05-30 16:23:48,314 - web_scraper - INFO - DOWNLOAD_DEBUG: Starting download of PDF: https://arxiv.org/abs/2301.00001 to test_output
2025-05-30 16:23:48,315 - web_scraper - INFO - DOWNLOAD_DEBUG: Converted arXiv abstract URL to PDF URL: https://arxiv.org/pdf/2301.00001.pdf
2025-05-30 16:23:48,317 - web_scraper - INFO - DOWNLOAD_DEBUG: Ensured download directory exists: test_output
2025-05-30 16:23:48,317 - web_scraper - INFO - DOWNLOAD_DEBUG: Generated URL hash: 34d3754dfd
2025-05-30 16:23:48,318 - web_scraper - INFO - DOWNLOAD_DEBUG: Extracted filename: 2301.00001.pdf
2025-05-30 16:23:48,319 - web_scraper - INFO - DOWNLOAD_DEBUG: Base name: 2301.00001, extension: .pdf
2025-05-30 16:23:48,319 - web_scraper - INFO - DOWNLOAD_DEBUG: Final file path: test_output/2301.00001_34d3754dfd.pdf
2025-05-30 16:23:48,324 - web_scraper - INFO - DOWNLOAD_DEBUG: Download attempt 1/5 for https://arxiv.org/pdf/2301.00001.pdf
2025-05-30 16:23:48,324 - web_scraper - INFO - DOWNLOAD_DEBUG: Request headers: {'User-Agent': 'Mozilla/5.0 (Windows NT 10.0; Win64; x64) AppleWebKit/537.36', 'Accept': 'application/pdf,*/*', 'Connection': 'keep-alive', 'Accept-Encoding': 'identity', 'Cache-Control': 'no-cache, no-store'}
2025-05-30 16:23:48,325 - web_scraper - INFO - DOWNLOAD_DEBUG: Sending GET request with timeout 60s
2025-05-30 16:23:48,785 - web_scraper - INFO - DOWNLOAD_DEBUG: Response status code: 200
2025-05-30 16:23:48,789 - web_scraper - INFO - DOWNLOAD_DEBUG: Content-Length: 765699
2025-05-30 16:23:48,792 - web_scraper - INFO - DOWNLOAD_DEBUG: Content-Type: application/pdf
2025-05-30 16:23:48,795 - web_scraper - INFO - DOWNLOAD_DEBUG: Starting to stream content to file: test_output/2301.00001_34d3754dfd.pdf
2025-05-30 16:23:48,801 - web_scraper - WARNING - DOWNLOAD_DEBUG: Attempt 1/5 failed: argument must be an int, or have a fileno() method.
2025-05-30 16:23:48,803 - web_scraper - WARNING - DOWNLOAD_DEBUG: Exception type: TypeError
2025-05-30 16:23:48,820 - web_scraper - WARNING - DOWNLOAD_DEBUG: Traceback: Traceback (most recent call last):
  File "/workspace/modules/web_scraper.py", line 909, in download_pdf
    os.fsync(os.path.dirname(file_path))
TypeError: argument must be an int, or have a fileno() method.

2025-05-30 16:23:48,826 - web_scraper - INFO - DOWNLOAD_DEBUG: Retrying in 1.5 seconds...
2025-05-30 16:23:50,327 - web_scraper - INFO - DOWNLOAD_DEBUG: Download attempt 2/5 for https://arxiv.org/pdf/2301.00001.pdf
2025-05-30 16:23:50,328 - web_scraper - INFO - DOWNLOAD_DEBUG: Request headers: {'User-Agent': 'Mozilla/5.0 (Windows NT 10.0; Win64; x64) AppleWebKit/537.36', 'Accept': 'application/pdf,*/*', 'Connection': 'keep-alive', 'Accept-Encoding': 'identity', 'Cache-Control': 'no-cache, no-store'}
2025-05-30 16:23:50,329 - web_scraper - INFO - DOWNLOAD_DEBUG: Sending GET request with timeout 60s
2025-05-30 16:23:50,390 - web_scraper - INFO - DOWNLOAD_DEBUG: Response status code: 200
2025-05-30 16:23:50,395 - web_scraper - INFO - DOWNLOAD_DEBUG: Content-Length: 765699
2025-05-30 16:23:50,397 - web_scraper - INFO - DOWNLOAD_DEBUG: Content-Type: application/pdf
2025-05-30 16:23:50,398 - web_scraper - INFO - DOWNLOAD_DEBUG: Using alternative in-memory download method on retry attempt 2
2025-05-30 16:23:50,399 - web_scraper - INFO - DOWNLOAD_DEBUG: Download progress: 5% (40960/765699)
2025-05-30 16:23:50,409 - web_scraper - INFO - DOWNLOAD_DEBUG: Download progress: 10% (81920/765699)
2025-05-30 16:23:50,423 - web_scraper - INFO - DOWNLOAD_DEBUG: Download progress: 16% (122880/765699)
2025-05-30 16:23:50,428 - web_scraper - INFO - DOWNLOAD_DEBUG: Download progress: 21% (163840/765699)
2025-05-30 16:23:50,441 - web_scraper - INFO - DOWNLOAD_DEBUG: Download progress: 26% (204800/765699)
2025-05-30 16:23:50,453 - web_scraper - INFO - DOWNLOAD_DEBUG: Download progress: 31% (237568/765699)
2025-05-30 16:23:50,456 - web_scraper - INFO - DOWNLOAD_DEBUG: Download progress: 36% (278528/765699)
2025-05-30 16:23:50,459 - web_scraper - INFO - DOWNLOAD_DEBUG: Download progress: 41% (319488/765699)
2025-05-30 16:23:50,463 - web_scraper - INFO - DOWNLOAD_DEBUG: Download progress: 46% (352256/765699)
2025-05-30 16:23:50,466 - web_scraper - INFO - DOWNLOAD_DEBUG: Download progress: 51% (393216/765699)
2025-05-30 16:23:50,468 - web_scraper - INFO - DOWNLOAD_DEBUG: Download progress: 56% (434176/765699)
2025-05-30 16:23:50,471 - web_scraper - INFO - DOWNLOAD_DEBUG: Download progress: 62% (475136/765699)
2025-05-30 16:23:50,474 - web_scraper - INFO - DOWNLOAD_DEBUG: Download progress: 67% (516096/765699)
2025-05-30 16:23:50,477 - web_scraper - INFO - DOWNLOAD_DEBUG: Download progress: 72% (557056/765699)
2025-05-30 16:23:50,480 - web_scraper - INFO - DOWNLOAD_DEBUG: Download progress: 77% (589824/765699)
2025-05-30 16:23:50,483 - web_scraper - INFO - DOWNLOAD_DEBUG: Download progress: 82% (630784/765699)
2025-05-30 16:23:50,486 - web_scraper - INFO - DOWNLOAD_DEBUG: Download progress: 87% (671744/765699)
2025-05-30 16:23:50,489 - web_scraper - INFO - DOWNLOAD_DEBUG: Download progress: 92% (704512/765699)
2025-05-30 16:23:50,491 - web_scraper - INFO - DOWNLOAD_DEBUG: Download progress: 97% (745472/765699)
2025-05-30 16:23:50,494 - web_scraper - INFO - DOWNLOAD_DEBUG: Download progress: 99% (761856/765699)
2025-05-30 16:23:50,496 - web_scraper - INFO - DOWNLOAD_DEBUG: Download progress: 99% (765699/765699)
2025-05-30 16:23:50,508 - web_scraper - INFO - DOWNLOAD_DEBUG: Alternative download method successful: test_output/2301.00001_34d3754dfd.pdf
2025-05-30 16:23:50,511 - file_processor - WARNING - pdf_extractor document type detection failed: detect_document_type() takes 1 positional argument but 2 were given. Falling back to built-in method.
2025-05-30 16:23:51,023 - web_scraper - INFO - Detected document type: general
2025-05-30 16:23:51,024 - file_processor - INFO - Starting PDF processing: test_output/2301.00001_34d3754dfd.pdf
2025-05-30 16:23:51,027 - file_processor - INFO - Using pdf_extractor for test_output/2301.00001_34d3754dfd.pdf
2025-05-30 16:23:51,177 - pdf_extractor - INFO - Detected document type: general for /workspace/modules/test_output/2301.00001_34d3754dfd.pdf
2025-05-30 16:23:51,177 - pdf_extractor - INFO - Extracting text from /workspace/modules/test_output/2301.00001_34d3754dfd.pdf
2025-05-30 16:23:53,006 - pdf_extractor - INFO - Successfully extracted text with pymupdf
2025-05-30 16:23:53,007 - pdf_extractor - INFO - Extracting tables from /workspace/modules/test_output/2301.00001_34d3754dfd.pdf
2025-05-30 16:23:53,011 - pdf_extractor - INFO - Attempting table extraction with PyMuPDF for /workspace/modules/test_output/2301.00001_34d3754dfd.pdf
2025-05-30 16:23:54,922 - pdf_extractor - INFO - Starting JVM for tabula
2025-05-30 16:23:54,925 - pdf_extractor - WARNING - Failed to start JVM: No JVM shared library file (libjvm.so) found. Try setting up the JAVA_HOME environment variable properly.
2025-05-30 16:23:54,926 - pdf_extractor - INFO - Attempting table extraction with tabula for /workspace/modules/test_output/2301.00001_34d3754dfd.pdf
2025-05-30 16:23:54,933 - pdf_extractor - WARNING - Tabula extraction failed for /workspace/modules/test_output/2301.00001_34d3754dfd.pdf: No JVM shared library file (libjvm.so) found. Try setting up the JAVA_HOME environment variable properly.
2025-05-30 16:23:54,934 - pdf_extractor - INFO - No tables extracted from /workspace/modules/test_output/2301.00001_34d3754dfd.pdf using available methods
2025-05-30 16:23:54,935 - pdf_extractor - INFO - Extracted 0 tables from /workspace/modules/test_output/2301.00001_34d3754dfd.pdf
2025-05-30 16:23:54,935 - pdf_extractor - INFO - Analyzing document structure for /workspace/modules/test_output/2301.00001_34d3754dfd.pdf
2025-05-30 16:23:54,936 - pdf_extractor - INFO - Analyzing document structure...
2025-05-30 16:23:54,976 - pdf_extractor - INFO - Document structure analysis complete. Identified 12 sections, 3 lists, 24 paragraphs.
2025-05-30 16:23:54,977 - pdf_extractor - INFO - Creating chunks for /workspace/modules/test_output/2301.00001_34d3754dfd.pdf
2025-05-30 16:23:54,978 - pdf_extractor - INFO - Full content too large (39943 chars), chunking entire document
2025-05-30 16:23:54,979 - pdf_extractor - INFO - Split full content into 14 parts
2025-05-30 16:23:54,981 - pdf_extractor - INFO - Created 40 chunks from document structure
2025-05-30 16:23:54,982 - pdf_extractor - INFO - Created 40 chunks from /workspace/modules/test_output/2301.00001_34d3754dfd.pdf
2025-05-30 16:23:55,017 - pdf_extractor - INFO - Successfully saved results to /workspace/modules/test_output/2301.00001_34d3754dfd_processed.json
2025-05-30 16:23:55,018 - pdf_extractor - INFO - Saved processed PDF results to /workspace/modules/test_output/2301.00001_34d3754dfd_processed.json
2025-05-30 16:23:55,095 - pdf_extractor - INFO - PDF processing completed successfully in 4.07s: /workspace/modules/test_output/2301.00001_34d3754dfd.pdf
2025-05-30 16:23:55,100 - file_processor - INFO - Successfully processed PDF with pdf_extractor: test_output/2301.00001_34d3754dfd.pdf
2025-05-30 16:23:55,100 - file_processor - INFO - Applied enhanced output formatting to test_output/2301.00001_34d3754dfd.pdf
2025-05-30 16:23:55,120 - file_processor - INFO - Wrote enhanced output to test_output/2301.00001_34d3754dfd_processed.json
2025-05-30 16:23:55,121 - web_scraper - WARNING - Enhanced PDF processing failed, falling back: name 'file_path' is not defined
2025-05-30 16:23:55,133 - file_processor - INFO - Found 1 valid files in test_output (0.01s)
2025-05-30 16:23:55,134 - file_processor - INFO - Using thread executor with max_workers=8
2025-05-30 16:23:55,134 - file_processor - INFO - Processing batch 1/1 (1 files)
2025-05-30 16:23:55,136 - file_processor - INFO - Processing PDF safely: test_output/2301.00001_34d3754dfd.pdf
2025-05-30 16:23:55,368 - pdf_extractor - INFO - Detected document type: general for /workspace/modules/test_output/2301.00001_34d3754dfd.pdf
2025-05-30 16:23:55,368 - pdf_extractor - INFO - Extracting text from /workspace/modules/test_output/2301.00001_34d3754dfd.pdf
2025-05-30 16:23:57,264 - pdf_extractor - INFO - Successfully extracted text with pymupdf
2025-05-30 16:23:57,264 - pdf_extractor - INFO - Extracting tables from /workspace/modules/test_output/2301.00001_34d3754dfd.pdf
2025-05-30 16:23:57,268 - pdf_extractor - INFO - Attempting table extraction with PyMuPDF for /workspace/modules/test_output/2301.00001_34d3754dfd.pdf
2025-05-30 16:23:58,961 - pdf_extractor - INFO - Starting JVM for tabula
2025-05-30 16:23:58,962 - pdf_extractor - WARNING - Failed to start JVM: No JVM shared library file (libjvm.so) found. Try setting up the JAVA_HOME environment variable properly.
2025-05-30 16:23:58,963 - pdf_extractor - INFO - Attempting table extraction with tabula for /workspace/modules/test_output/2301.00001_34d3754dfd.pdf
2025-05-30 16:23:58,967 - pdf_extractor - WARNING - Tabula extraction failed for /workspace/modules/test_output/2301.00001_34d3754dfd.pdf: No JVM shared library file (libjvm.so) found. Try setting up the JAVA_HOME environment variable properly.
2025-05-30 16:23:58,970 - pdf_extractor - INFO - No tables extracted from /workspace/modules/test_output/2301.00001_34d3754dfd.pdf using available methods
2025-05-30 16:23:58,969 - pdf_extractor - INFO - Extracted 0 tables from /workspace/modules/test_output/2301.00001_34d3754dfd.pdf
2025-05-30 16:23:58,970 - pdf_extractor - INFO - Analyzing document structure for /workspace/modules/test_output/2301.00001_34d3754dfd.pdf
2025-05-30 16:23:58,971 - pdf_extractor - INFO - Analyzing document structure...
2025-05-30 16:23:59,021 - pdf_extractor - INFO - Document structure analysis complete. Identified 12 sections, 3 lists, 24 paragraphs.
2025-05-30 16:23:59,022 - pdf_extractor - INFO - Creating chunks for /workspace/modules/test_output/2301.00001_34d3754dfd.pdf
2025-05-30 16:23:59,023 - pdf_extractor - INFO - Full content too large (39943 chars), chunking entire document
2025-05-30 16:23:59,025 - pdf_extractor - INFO - Split full content into 14 parts
2025-05-30 16:23:59,028 - pdf_extractor - INFO - Created 40 chunks from document structure
2025-05-30 16:23:59,029 - pdf_extractor - INFO - Created 40 chunks from /workspace/modules/test_output/2301.00001_34d3754dfd.pdf
2025-05-30 16:23:59,054 - pdf_extractor - INFO - Successfully saved results to test_output/temp_2301.00001_34d3754dfd.json
2025-05-30 16:23:59,055 - pdf_extractor - INFO - Saved processed PDF results to test_output/temp_2301.00001_34d3754dfd.json
2025-05-30 16:23:59,155 - pdf_extractor - INFO - PDF processing completed successfully in 4.02s: /workspace/modules/test_output/2301.00001_34d3754dfd.pdf
2025-05-30 16:23:59,159 - file_processor - INFO - Applied enhanced formatting to test_output/2301.00001_34d3754dfd.pdf
2025-05-30 16:23:59,178 - file_processor - INFO - Wrote enhanced output to test_output/temp_2301.00001_34d3754dfd.json
2025-05-30 16:23:59,429 - file_processor - INFO - Successfully processed PDF via pdf_extractor: test_output/2301.00001_34d3754dfd.pdf
2025-05-30 16:23:59,434 - file_processor - INFO - Ensured output directory exists: test_output
2025-05-30 16:23:59,458 - file_processor - INFO - Created JSON output at test_output/2301.00001_34d3754dfd_processed.json
2025-05-30 16:23:59,458 - file_processor - INFO - Processing complete in 4.31s
2025-05-30 16:23:59,459 - file_processor - INFO - Stats: 1 files found, 1 processed, 0 skipped, 0 errors, 40 chunks created
2025-05-30 16:23:59,459 - file_processor - INFO - PDF Stats: 1 PDFs processed, 0 tables extracted, 0 references extracted, 0 OCR processed
2025-05-30 16:23:59,461 - web_scraper - INFO - Processing URL: https://arxiv.org/pdf/2301.00001.pdf with setting: pdf
2025-05-30 16:23:59,464 - web_scraper - INFO - Ensured output directory exists: test_output
2025-05-30 16:23:59,465 - web_scraper - INFO - PDF download mode for: https://arxiv.org/pdf/2301.00001.pdf
2025-05-30 16:23:59,466 - web_scraper - INFO - DOWNLOAD_DEBUG: Starting download of PDF: https://arxiv.org/pdf/2301.00001.pdf to test_output
2025-05-30 16:23:59,468 - web_scraper - INFO - DOWNLOAD_DEBUG: Using original URL: https://arxiv.org/pdf/2301.00001.pdf
2025-05-30 16:23:59,472 - web_scraper - INFO - DOWNLOAD_DEBUG: Ensured download directory exists: test_output
2025-05-30 16:23:59,475 - web_scraper - INFO - DOWNLOAD_DEBUG: Generated URL hash: 34d3754dfd
2025-05-30 16:23:59,477 - web_scraper - INFO - DOWNLOAD_DEBUG: Extracted filename: 2301.00001.pdf
2025-05-30 16:23:59,479 - web_scraper - INFO - DOWNLOAD_DEBUG: Base name: 2301.00001, extension: .pdf
2025-05-30 16:23:59,481 - web_scraper - INFO - DOWNLOAD_DEBUG: Final file path: test_output/2301.00001_34d3754dfd.pdf
2025-05-30 16:23:59,486 - web_scraper - INFO - DOWNLOAD_DEBUG: PDF already exists: test_output/2301.00001_34d3754dfd.pdf
2025-05-30 16:23:59,490 - file_processor - WARNING - pdf_extractor document type detection failed: detect_document_type() takes 1 positional argument but 2 were given. Falling back to built-in method.
2025-05-30 16:23:59,897 - web_scraper - INFO - Detected document type: general
2025-05-30 16:23:59,897 - file_processor - INFO - Starting PDF processing: test_output/2301.00001_34d3754dfd.pdf
2025-05-30 16:23:59,900 - file_processor - INFO - Using pdf_extractor for test_output/2301.00001_34d3754dfd.pdf
2025-05-30 16:24:00,127 - pdf_extractor - INFO - Detected document type: general for /workspace/modules/test_output/2301.00001_34d3754dfd.pdf
2025-05-30 16:24:00,127 - pdf_extractor - INFO - Extracting text from /workspace/modules/test_output/2301.00001_34d3754dfd.pdf
2025-05-30 16:24:02,240 - pdf_extractor - INFO - Successfully extracted text with pymupdf
2025-05-30 16:24:02,247 - pdf_extractor - INFO - Extracting tables from /workspace/modules/test_output/2301.00001_34d3754dfd.pdf
2025-05-30 16:24:02,355 - pdf_extractor - INFO - Attempting table extraction with PyMuPDF for /workspace/modules/test_output/2301.00001_34d3754dfd.pdf
2025-05-30 16:24:05,106 - pdf_extractor - INFO - Starting JVM for tabula
2025-05-30 16:24:05,107 - pdf_extractor - WARNING - Failed to start JVM: No JVM shared library file (libjvm.so) found. Try setting up the JAVA_HOME environment variable properly.
2025-05-30 16:24:05,107 - pdf_extractor - INFO - Attempting table extraction with tabula for /workspace/modules/test_output/2301.00001_34d3754dfd.pdf
2025-05-30 16:24:05,111 - pdf_extractor - WARNING - Tabula extraction failed for /workspace/modules/test_output/2301.00001_34d3754dfd.pdf: No JVM shared library file (libjvm.so) found. Try setting up the JAVA_HOME environment variable properly.
2025-05-30 16:24:05,112 - pdf_extractor - INFO - No tables extracted from /workspace/modules/test_output/2301.00001_34d3754dfd.pdf using available methods
2025-05-30 16:24:05,113 - pdf_extractor - INFO - Extracted 0 tables from /workspace/modules/test_output/2301.00001_34d3754dfd.pdf
2025-05-30 16:24:05,115 - pdf_extractor - INFO - Analyzing document structure for /workspace/modules/test_output/2301.00001_34d3754dfd.pdf
2025-05-30 16:24:05,116 - pdf_extractor - INFO - Analyzing document structure...
2025-05-30 16:24:05,155 - pdf_extractor - INFO - Document structure analysis complete. Identified 12 sections, 3 lists, 24 paragraphs.
2025-05-30 16:24:05,155 - pdf_extractor - INFO - Creating chunks for /workspace/modules/test_output/2301.00001_34d3754dfd.pdf
2025-05-30 16:24:05,157 - pdf_extractor - INFO - Full content too large (39943 chars), chunking entire document
2025-05-30 16:24:05,159 - pdf_extractor - INFO - Split full content into 14 parts
2025-05-30 16:24:05,160 - pdf_extractor - INFO - Created 40 chunks from document structure
2025-05-30 16:24:05,161 - pdf_extractor - INFO - Created 40 chunks from /workspace/modules/test_output/2301.00001_34d3754dfd.pdf
2025-05-30 16:24:05,200 - pdf_extractor - INFO - Successfully saved results to /workspace/modules/test_output/2301.00001_34d3754dfd_processed.json
2025-05-30 16:24:05,201 - pdf_extractor - INFO - Saved processed PDF results to /workspace/modules/test_output/2301.00001_34d3754dfd_processed.json
2025-05-30 16:24:05,701 - pdf_extractor - WARNING - Timeout thread for /workspace/modules/test_output/2301.00001_34d3754dfd.pdf did not terminate gracefully
2025-05-30 16:24:05,709 - pdf_extractor - INFO - PDF processing completed successfully in 5.81s: /workspace/modules/test_output/2301.00001_34d3754dfd.pdf
2025-05-30 16:24:05,717 - file_processor - INFO - Successfully processed PDF with pdf_extractor: test_output/2301.00001_34d3754dfd.pdf
2025-05-30 16:24:05,718 - file_processor - INFO - Applied enhanced output formatting to test_output/2301.00001_34d3754dfd.pdf
2025-05-30 16:24:05,752 - file_processor - INFO - Wrote enhanced output to test_output/2301.00001_34d3754dfd_processed.json
2025-05-30 16:24:05,753 - web_scraper - WARNING - Enhanced PDF processing failed, falling back: name 'file_path' is not defined
2025-05-30 16:24:05,768 - file_processor - INFO - Found 1 valid files in test_output (0.01s)
2025-05-30 16:24:05,768 - file_processor - INFO - Using thread executor with max_workers=8
2025-05-30 16:24:05,769 - file_processor - INFO - Processing batch 1/1 (1 files)
2025-05-30 16:24:05,770 - file_processor - INFO - Processing PDF safely: test_output/2301.00001_34d3754dfd.pdf
2025-05-30 16:24:05,913 - pdf_extractor - INFO - Detected document type: general for /workspace/modules/test_output/2301.00001_34d3754dfd.pdf
2025-05-30 16:24:05,914 - pdf_extractor - INFO - Extracting text from /workspace/modules/test_output/2301.00001_34d3754dfd.pdf
2025-05-30 16:24:07,795 - pdf_extractor - INFO - Successfully extracted text with pymupdf
2025-05-30 16:24:07,796 - pdf_extractor - INFO - Extracting tables from /workspace/modules/test_output/2301.00001_34d3754dfd.pdf
2025-05-30 16:24:07,799 - pdf_extractor - INFO - Attempting table extraction with PyMuPDF for /workspace/modules/test_output/2301.00001_34d3754dfd.pdf
2025-05-30 16:24:09,649 - pdf_extractor - INFO - Starting JVM for tabula
2025-05-30 16:24:09,649 - pdf_extractor - WARNING - Failed to start JVM: No JVM shared library file (libjvm.so) found. Try setting up the JAVA_HOME environment variable properly.
2025-05-30 16:24:09,650 - pdf_extractor - INFO - Attempting table extraction with tabula for /workspace/modules/test_output/2301.00001_34d3754dfd.pdf
2025-05-30 16:24:09,656 - pdf_extractor - WARNING - Tabula extraction failed for /workspace/modules/test_output/2301.00001_34d3754dfd.pdf: No JVM shared library file (libjvm.so) found. Try setting up the JAVA_HOME environment variable properly.
2025-05-30 16:24:09,656 - pdf_extractor - INFO - No tables extracted from /workspace/modules/test_output/2301.00001_34d3754dfd.pdf using available methods
2025-05-30 16:24:09,657 - pdf_extractor - INFO - Extracted 0 tables from /workspace/modules/test_output/2301.00001_34d3754dfd.pdf
2025-05-30 16:24:09,657 - pdf_extractor - INFO - Analyzing document structure for /workspace/modules/test_output/2301.00001_34d3754dfd.pdf
2025-05-30 16:24:09,660 - pdf_extractor - INFO - Analyzing document structure...
2025-05-30 16:24:09,704 - pdf_extractor - INFO - Document structure analysis complete. Identified 12 sections, 3 lists, 24 paragraphs.
2025-05-30 16:24:09,705 - pdf_extractor - INFO - Creating chunks for /workspace/modules/test_output/2301.00001_34d3754dfd.pdf
2025-05-30 16:24:09,706 - pdf_extractor - INFO - Full content too large (39943 chars), chunking entire document
2025-05-30 16:24:09,708 - pdf_extractor - INFO - Split full content into 14 parts
2025-05-30 16:24:09,710 - pdf_extractor - INFO - Created 40 chunks from document structure
2025-05-30 16:24:09,711 - pdf_extractor - INFO - Created 40 chunks from /workspace/modules/test_output/2301.00001_34d3754dfd.pdf
2025-05-30 16:24:09,733 - pdf_extractor - INFO - Successfully saved results to test_output/temp_2301.00001_34d3754dfd.json
2025-05-30 16:24:09,733 - pdf_extractor - INFO - Saved processed PDF results to test_output/temp_2301.00001_34d3754dfd.json
2025-05-30 16:24:09,791 - pdf_extractor - INFO - PDF processing completed successfully in 4.02s: /workspace/modules/test_output/2301.00001_34d3754dfd.pdf
2025-05-30 16:24:09,795 - file_processor - INFO - Applied enhanced formatting to test_output/2301.00001_34d3754dfd.pdf
2025-05-30 16:24:09,824 - file_processor - INFO - Wrote enhanced output to test_output/temp_2301.00001_34d3754dfd.json
2025-05-30 16:24:09,889 - file_processor - INFO - Successfully processed PDF via pdf_extractor: test_output/2301.00001_34d3754dfd.pdf
2025-05-30 16:24:09,893 - file_processor - INFO - Ensured output directory exists: test_output
2025-05-30 16:24:09,918 - file_processor - INFO - Created JSON output at test_output/2301.00001_34d3754dfd_processed.json
2025-05-30 16:24:09,918 - file_processor - INFO - Processing complete in 4.14s
2025-05-30 16:24:09,919 - file_processor - INFO - Stats: 1 files found, 1 processed, 0 skipped, 0 errors, 40 chunks created
2025-05-30 16:24:09,919 - file_processor - INFO - PDF Stats: 1 PDFs processed, 0 tables extracted, 0 references extracted, 0 OCR processed
2025-05-30 18:16:05,840 - blueprints.features.file_utils - WARNING - python-magic not available. Try installing python-magic-bin on Windows
2025-05-30 18:54:13,544 - blueprints.features.file_utils - WARNING - python-magic not available. Try installing python-magic-bin on Windows
2025-05-30 19:17:39,516 - blueprints.features.file_utils - WARNING - python-magic not available. Try installing python-magic-bin on Windows
2025-05-30 20:10:22,791 - blueprints.features.file_utils - WARNING - python-magic not available. Try installing python-magic-bin on Windows
2025-05-30 20:13:38,727 - blueprints.features.file_utils - WARNING - python-magic not available. Try installing python-magic-bin on Windows
2025-06-01 01:55:08,790 - blueprints.features.file_utils - WARNING - python-magic not available. Try installing python-magic-bin on Windows
2025-06-01 02:01:42,478 - blueprints.features.file_utils - WARNING - python-magic not available. Try installing python-magic-bin on Windows
2025-06-01 02:01:42,539 - blueprints.socketio_events - INFO - SocketIO Events context initialized for background threads
2025-06-01 02:01:42,540 - blueprints.socketio_events - INFO - Emitted unified task_completed for test-dedup-123 (test_task)
2025-06-01 07:14:53,813 - blueprints.features.file_utils - WARNING - python-magic not available. Try installing python-magic-bin on Windows
2025-06-01 10:11:36,040 - blueprints.features.file_utils - WARNING - python-magic not available. Try installing python-magic-bin on Windows
2025-06-01 10:11:46,612 - blueprints.features.file_utils - WARNING - python-magic not available. Try installing python-magic-bin on Windows
2025-06-01 10:11:46,620 - blueprints.socketio_events - INFO - SocketIO Events context initialized for background threads
2025-06-01 10:11:46,621 - blueprints.socketio_events - INFO - Emitted unified task_completed for test-dedup-123 (test_task)
2025-06-01 10:19:58,312 - blueprints.features.file_utils - WARNING - python-magic not available. Try installing python-magic-bin on Windows
2025-06-01 11:08:21,362 - blueprints.features.file_utils - WARNING - python-magic not available. Try installing python-magic-bin on Windows
2025-06-01 11:11:16,567 - blueprints.features.file_utils - WARNING - python-magic not available. Try installing python-magic-bin on Windows
2025-06-01 11:24:26,472 - blueprints.features.file_utils - WARNING - python-magic not available. Try installing python-magic-bin on Windows
2025-06-02 16:07:54,943 - blueprints.features.file_utils - WARNING - python-magic not available. Try installing python-magic-bin on Windows
2025-06-02 16:09:06,272 - blueprints.features.file_utils - WARNING - python-magic not available. Try installing python-magic-bin on Windows
2025-06-02 16:09:06,320 - file_processor - INFO - Successfully patched pytesseract to ignore temp file deletion errors
2025-06-02 16:09:06,326 - file_processor - INFO - Started temp file cleanup service
2025-06-02 16:09:06,339 - file_processor - INFO - Successfully imported pdf_extractor module
2025-06-02 16:09:06,340 - pdf_extractor - INFO - Initializing PDF extractor module...
2025-06-02 16:09:06,359 - file_processor - WARNING - Failed to initialize pdf_extractor: name 'JAVA_AVAILABLE' is not defined
2025-06-02 16:09:06,359 - file_processor - INFO - Successfully imported pdf_output_enhancer module
2025-06-02 16:09:06,370 - file_processor - INFO - Found 0 valid files in ../test_input (0.01s)
2025-06-02 16:09:06,371 - file_processor - WARNING - No files found in ../test_input matching the provided criteria
2025-06-02 16:10:17,445 - blueprints.features.file_utils - WARNING - python-magic not available. Try installing python-magic-bin on Windows
2025-06-02 16:10:17,474 - file_processor - INFO - Successfully patched pytesseract to ignore temp file deletion errors
2025-06-02 16:10:17,475 - file_processor - INFO - Started temp file cleanup service
2025-06-02 16:10:17,489 - file_processor - INFO - Successfully imported pdf_extractor module
2025-06-02 16:10:17,490 - pdf_extractor - INFO - Initializing PDF extractor module...
2025-06-02 16:10:17,492 - file_processor - WARNING - Failed to initialize pdf_extractor: name 'JAVA_AVAILABLE' is not defined
2025-06-02 16:10:17,493 - file_processor - INFO - Successfully imported pdf_output_enhancer module
2025-06-02 16:10:17,509 - file_processor - INFO - Found 1 valid files in test_input (0.01s)
2025-06-02 16:10:17,512 - file_processor - INFO - Using none executor with max_workers=8
2025-06-02 16:10:17,512 - file_processor - INFO - Processing batch 1/1 (1 files)
2025-06-02 16:12:50,260 - blueprints.features.file_utils - WARNING - python-magic not available. Try installing python-magic-bin on Windows
2025-06-02 16:12:50,307 - file_processor - INFO - Successfully patched pytesseract to ignore temp file deletion errors
2025-06-02 16:12:50,308 - file_processor - INFO - Started temp file cleanup service
2025-06-02 16:12:50,311 - file_processor - INFO - Successfully imported pdf_extractor module
2025-06-02 16:12:50,312 - pdf_extractor - INFO - Initializing PDF extractor module...
2025-06-02 16:12:50,314 - file_processor - WARNING - Failed to initialize pdf_extractor: name 'JAVA_AVAILABLE' is not defined
2025-06-02 16:12:50,315 - file_processor - INFO - Successfully imported pdf_output_enhancer module
2025-06-02 16:12:50,327 - file_processor - INFO - Found 1 valid files in /workspace/modules/test_input (0.01s)
2025-06-02 16:12:50,328 - file_processor - INFO - Using none executor with max_workers=1
2025-06-02 16:12:50,328 - file_processor - INFO - Processing batch 1/1 (1 files)
2025-06-02 16:14:05,808 - blueprints.features.file_utils - WARNING - python-magic not available. Try installing python-magic-bin on Windows
2025-06-02 16:14:05,844 - file_processor - INFO - Successfully patched pytesseract to ignore temp file deletion errors
2025-06-02 16:14:05,847 - file_processor - INFO - Started temp file cleanup service
2025-06-02 16:14:05,851 - file_processor - INFO - Successfully imported pdf_extractor module
2025-06-02 16:14:05,852 - pdf_extractor - INFO - Initializing PDF extractor module...
2025-06-02 16:14:05,855 - file_processor - WARNING - Failed to initialize pdf_extractor: name 'JAVA_AVAILABLE' is not defined
2025-06-02 16:14:05,856 - file_processor - INFO - Successfully imported pdf_output_enhancer module
2025-06-02 16:14:05,867 - file_processor - INFO - Found 1 valid files in /workspace/modules/test_input (0.01s)
2025-06-02 16:14:05,867 - file_processor - INFO - Using none executor with max_workers=1
2025-06-02 16:14:05,868 - file_processor - INFO - Processing batch 1/1 (1 files)
2025-06-02 16:14:05,875 - root - ERROR - Error processing /workspace/modules/test_input/test.txt: DocData.__init__() got an unexpected keyword argument 'chunks'
2025-06-02 16:14:05,884 - file_processor - INFO - Ensured output directory exists: /workspace/modules/test_output
2025-06-02 16:14:05,884 - file_processor - INFO - write_optimized_json called with 0 libraries
2025-06-02 16:14:05,885 - file_processor - INFO - Total documents across all libraries: 0
2025-06-02 16:14:05,885 - file_processor - ERROR - Input data contains no documents!
2025-06-02 16:14:05,886 - file_processor - ERROR - all_data keys: []
2025-06-02 16:14:05,889 - file_processor - INFO - Created training-optimized JSON with 0 documents
2025-06-02 16:14:05,890 - file_processor - ERROR - No documents were processed! Training data is empty.
2025-06-02 16:14:05,890 - file_processor - ERROR - Input libraries: []
2025-06-02 16:14:05,891 - file_processor - INFO - Created optimized JSON output at /workspace/modules/test_output/test_fixed.json
2025-06-02 16:14:05,891 - file_processor - INFO - Processing complete in 0.02s
2025-06-02 16:14:05,891 - file_processor - INFO - Stats: 1 files found, 0 processed, 0 skipped, 1 errors, 1 chunks created
2025-06-02 16:36:47,882 - blueprints.features.file_utils - WARNING - python-magic not available. Try installing python-magic-bin on Windows
2025-06-02 16:36:47,915 - file_processor - INFO - Successfully patched pytesseract to ignore temp file deletion errors
2025-06-02 16:36:47,916 - file_processor - INFO - Started temp file cleanup service
2025-06-02 16:36:47,925 - file_processor - INFO - Successfully imported pdf_extractor module
2025-06-02 16:36:47,926 - pdf_extractor - INFO - Initializing PDF extractor module...
2025-06-02 16:36:47,933 - file_processor - WARNING - Failed to initialize pdf_extractor: name 'JAVA_AVAILABLE' is not defined
2025-06-02 16:36:47,934 - file_processor - INFO - Successfully imported pdf_output_enhancer module
2025-06-02 16:36:47,960 - file_processor - INFO - Found 1 valid files in /workspace/modules/test_input (0.02s)
2025-06-02 16:36:47,960 - file_processor - INFO - Using none executor with max_workers=1
2025-06-02 16:36:47,962 - file_processor - INFO - Processing batch 1/1 (1 files)
2025-06-02 16:36:47,979 - root - ERROR - Error processing /workspace/modules/test_input/test.txt: 'FileStats' object has no attribute 'total_bytes'
2025-06-02 16:36:47,994 - file_processor - INFO - Ensured output directory exists: /workspace/modules/test_output
2025-06-02 16:36:47,994 - file_processor - INFO - write_optimized_json called with 0 libraries
2025-06-02 16:36:47,994 - file_processor - INFO - Total documents across all libraries: 0
2025-06-02 16:36:47,995 - file_processor - ERROR - Input data contains no documents!
2025-06-02 16:36:47,995 - file_processor - ERROR - all_data keys: []
2025-06-02 16:36:47,999 - file_processor - INFO - Created training-optimized JSON with 0 documents
2025-06-02 16:36:48,000 - file_processor - ERROR - No documents were processed! Training data is empty.
2025-06-02 16:36:48,000 - file_processor - ERROR - Input libraries: []
2025-06-02 16:36:48,000 - file_processor - INFO - Created optimized JSON output at /workspace/modules/test_output/test_fixed2.json
2025-06-02 16:36:48,001 - file_processor - INFO - Processing complete in 0.05s
2025-06-02 16:36:48,001 - file_processor - INFO - Stats: 1 files found, 1 processed, 0 skipped, 1 errors, 1 chunks created
2025-06-02 16:37:31,263 - blueprints.features.file_utils - WARNING - python-magic not available. Try installing python-magic-bin on Windows
2025-06-02 16:37:31,289 - file_processor - INFO - Successfully patched pytesseract to ignore temp file deletion errors
2025-06-02 16:37:31,289 - file_processor - INFO - Started temp file cleanup service
2025-06-02 16:37:31,293 - file_processor - INFO - Successfully imported pdf_extractor module
2025-06-02 16:37:31,294 - pdf_extractor - INFO - Initializing PDF extractor module...
2025-06-02 16:37:31,297 - file_processor - WARNING - Failed to initialize pdf_extractor: name 'JAVA_AVAILABLE' is not defined
2025-06-02 16:37:31,297 - file_processor - INFO - Successfully imported pdf_output_enhancer module
2025-06-02 16:37:31,342 - file_processor - INFO - Found 1 valid files in /workspace/modules/test_input (0.04s)
2025-06-02 16:37:31,343 - file_processor - INFO - Using none executor with max_workers=1
2025-06-02 16:37:31,343 - file_processor - INFO - Processing batch 1/1 (1 files)
2025-06-02 16:37:31,410 - file_processor - INFO - Ensured output directory exists: /workspace/modules/test_output
2025-06-02 16:37:31,411 - file_processor - INFO - write_optimized_json called with 1 libraries
2025-06-02 16:37:31,411 - file_processor - INFO - Total documents across all libraries: 1
2025-06-02 16:37:31,412 - file_processor - INFO - Processing library 'test.txt' with 1 documents
2025-06-02 16:37:31,419 - file_processor - INFO - Created training-optimized JSON with 1 documents
2025-06-02 16:37:31,420 - file_processor - INFO - Created optimized JSON output at /workspace/modules/test_output/test_fixed3.json
2025-06-02 16:37:31,421 - file_processor - INFO - Processing complete in 0.09s
2025-06-02 16:37:31,421 - file_processor - INFO - Stats: 1 files found, 1 processed, 0 skipped, 0 errors, 1 chunks created
2025-06-02 16:47:28,726 - blueprints.features.file_utils - WARNING - python-magic not available. Try installing python-magic-bin on Windows
2025-06-02 16:47:28,747 - file_processor - INFO - Successfully patched pytesseract to ignore temp file deletion errors
2025-06-02 16:47:28,750 - file_processor - INFO - Started temp file cleanup service
2025-06-02 16:47:28,756 - file_processor - INFO - Successfully imported pdf_extractor module
2025-06-02 16:47:28,757 - pdf_extractor - INFO - Initializing PDF extractor module...
2025-06-02 16:47:28,759 - file_processor - WARNING - Failed to initialize pdf_extractor: name 'JAVA_AVAILABLE' is not defined
2025-06-02 16:47:28,760 - file_processor - INFO - Successfully imported pdf_output_enhancer module
2025-06-02 16:47:28,770 - file_processor - INFO - Found 1 valid files in /workspace/modules/test_input (0.01s)
2025-06-02 16:47:28,772 - file_processor - INFO - Using none executor with max_workers=1
2025-06-02 16:47:28,773 - file_processor - INFO - Processing batch 1/1 (1 files)
2025-06-02 16:47:28,791 - file_processor - INFO - Ensured output directory exists: /workspace/modules/test_output
2025-06-02 16:47:28,791 - file_processor - INFO - write_markdown_output called with 1 libraries
2025-06-02 16:47:28,792 - file_processor - INFO - Total documents across all libraries: 1
2025-06-02 16:47:28,792 - file_processor - INFO - Processing library 'test.txt' with 1 documents
2025-06-02 16:47:28,797 - file_processor - INFO - Created training-optimized Markdown with 1 documents
2025-06-02 16:47:28,798 - file_processor - INFO - Created Markdown output at /workspace/modules/test_output/test_optimized.md
2025-06-02 16:47:28,798 - file_processor - INFO - Processing complete in 0.03s
2025-06-02 16:47:28,798 - file_processor - INFO - Stats: 1 files found, 1 processed, 0 skipped, 0 errors, 1 chunks created
2025-06-02 16:48:20,723 - blueprints.features.file_utils - WARNING - python-magic not available. Try installing python-magic-bin on Windows
2025-06-02 16:48:20,745 - file_processor - INFO - Successfully patched pytesseract to ignore temp file deletion errors
2025-06-02 16:48:20,747 - file_processor - INFO - Started temp file cleanup service
2025-06-02 16:48:20,753 - file_processor - INFO - Successfully imported pdf_extractor module
2025-06-02 16:48:20,753 - pdf_extractor - INFO - Initializing PDF extractor module...
2025-06-02 16:48:20,756 - file_processor - WARNING - Failed to initialize pdf_extractor: name 'JAVA_AVAILABLE' is not defined
2025-06-02 16:48:20,756 - file_processor - INFO - Successfully imported pdf_output_enhancer module
2025-06-02 16:48:20,768 - file_processor - INFO - Found 2 valid files in /workspace/modules/test_input_complex (0.01s)
2025-06-02 16:48:20,768 - file_processor - INFO - Using none executor with max_workers=1
2025-06-02 16:48:20,769 - file_processor - INFO - Processing batch 1/1 (2 files)
2025-06-02 16:48:20,791 - file_processor - INFO - Ensured output directory exists: /workspace/modules/test_output
2025-06-02 16:48:20,791 - file_processor - INFO - write_optimized_json called with 2 libraries
2025-06-02 16:48:20,791 - file_processor - INFO - Total documents across all libraries: 2
2025-06-02 16:48:20,792 - file_processor - INFO - Processing library 'documentation.md' with 1 documents
2025-06-02 16:48:20,792 - file_processor - INFO - Processing library 'python_code.py' with 1 documents
2025-06-02 16:48:20,795 - file_processor - INFO - Created training-optimized JSON with 2 documents
2025-06-02 16:48:20,797 - file_processor - INFO - Created optimized JSON output at /workspace/modules/test_output/complex_optimized.json
2025-06-02 16:48:20,797 - file_processor - INFO - Processing complete in 0.03s
2025-06-02 16:48:20,797 - file_processor - INFO - Stats: 2 files found, 2 processed, 0 skipped, 0 errors, 2 chunks created
2025-06-02 16:48:20,808 - file_processor - INFO - Found 2 valid files in /workspace/modules/test_input_complex (0.01s)
2025-06-02 16:48:20,809 - file_processor - INFO - Using none executor with max_workers=1
2025-06-02 16:48:20,809 - file_processor - INFO - Processing batch 1/1 (2 files)
2025-06-02 16:48:20,828 - file_processor - INFO - Ensured output directory exists: /workspace/modules/test_output
2025-06-02 16:48:20,829 - file_processor - INFO - write_markdown_output called with 2 libraries
2025-06-02 16:48:20,830 - file_processor - INFO - Total documents across all libraries: 2
2025-06-02 16:48:20,830 - file_processor - INFO - Processing library 'documentation.md' with 1 documents
2025-06-02 16:48:20,831 - file_processor - INFO - Processing library 'python_code.py' with 1 documents
2025-06-02 16:48:20,834 - file_processor - INFO - Created training-optimized Markdown with 2 documents
2025-06-02 16:48:20,835 - file_processor - INFO - Created Markdown output at /workspace/modules/test_output/complex_optimized.md
2025-06-02 16:48:20,835 - file_processor - INFO - Processing complete in 0.03s
2025-06-02 16:48:20,836 - file_processor - INFO - Stats: 2 files found, 2 processed, 0 skipped, 0 errors, 2 chunks created
2025-06-02 17:22:03,925 - blueprints.features.file_utils - WARNING - python-magic not available. Try installing python-magic-bin on Windows
2025-06-02 17:22:03,934 - blueprints.core.services - INFO - BaseTask test_completion (file_processing) created.
2025-06-02 17:22:03,945 - blueprints.core.services - INFO - Calibrated processing parameters: max_memory=2048MB, batch_size=25, gc_threshold=1536MB
2025-06-02 17:22:03,947 - blueprints.socketio_events - WARNING - Could not emit progress_update - no socketio context available
2025-06-02 17:22:03,948 - blueprints.core.services - WARNING - Failed to emit progress_update for test_completion
2025-06-02 17:22:03,949 - blueprints.core.services - INFO - Task test_completion (file_processing) started processing.
2025-06-02 17:22:03,949 - blueprints.core.services - INFO - Task test_completion (file_processing) thread started.
2025-06-02 17:22:03,949 - blueprints.core.services - ERROR - Error emitting task_started for test_completion: emit_task_started() missing 1 required positional argument: 'task_type'
2025-06-02 17:22:03,954 - blueprints.core.services - INFO - Task test_completion: Starting enhanced file processing for directory: /workspace/modules/test_input
2025-06-02 17:22:03,960 - blueprints.socketio_events - WARNING - Could not emit progress_update - no socketio context available
2025-06-02 17:22:03,960 - blueprints.core.services - WARNING - Failed to emit progress_update for test_completion
2025-06-02 17:22:03,960 - blueprints.core.services - INFO - Task test_completion progress: 1% - Processing files in /workspace/modules/test_input with enhanced analytics...
2025-06-02 17:22:03,961 - blueprints.core.services - INFO - Using optimized file processor from blueprints.features.file_processor
2025-06-02 17:22:03,963 - blueprints.core.services - INFO - Starting main processing with batch_size=25, chunk_size=4096
2025-06-02 17:22:03,976 - file_processor - INFO - Successfully patched pytesseract to ignore temp file deletion errors
2025-06-02 17:22:03,977 - file_processor - INFO - Started temp file cleanup service
2025-06-02 17:22:03,979 - file_processor - INFO - Successfully imported pdf_extractor module
2025-06-02 17:22:03,980 - pdf_extractor - INFO - Initializing PDF extractor module...
2025-06-02 17:22:03,983 - file_processor - WARNING - Failed to initialize pdf_extractor: name 'JAVA_AVAILABLE' is not defined
2025-06-02 17:22:03,983 - file_processor - INFO - Successfully imported pdf_output_enhancer module
2025-06-02 17:22:03,993 - file_processor - INFO - Found 1 valid files in /workspace/modules/test_input (0.01s)
2025-06-02 17:22:04,006 - blueprints.socketio_events - WARNING - Could not emit progress_update - no socketio context available
2025-06-02 17:22:04,008 - blueprints.core.services - WARNING - Failed to emit progress_update for test_completion
2025-06-02 17:22:04,009 - blueprints.core.services - INFO - Task test_completion progress: 0% - Stage: discovery (0/1)
2025-06-02 17:22:04,010 - file_processor - INFO - Using thread executor with max_workers=3
2025-06-02 17:22:04,018 - file_processor - INFO - Processing batch 1/1 (1 files)
2025-06-02 17:22:04,033 - blueprints.socketio_events - WARNING - Could not emit progress_update - no socketio context available
2025-06-02 17:22:04,033 - blueprints.core.services - WARNING - Failed to emit progress_update for test_completion
2025-06-02 17:22:04,034 - blueprints.core.services - INFO - Task test_completion progress: 100% - Stage: processing (1/1)
2025-06-02 17:22:04,038 - file_processor - INFO - Ensured output directory exists: /workspace/modules/test_output
2025-06-02 17:22:04,038 - file_processor - INFO - write_optimized_json called with 1 libraries
2025-06-02 17:22:04,040 - file_processor - INFO - Total documents across all libraries: 1
2025-06-02 17:22:04,041 - file_processor - INFO - Processing library 'test.txt' with 1 documents
2025-06-02 17:22:04,045 - file_processor - INFO - Created training-optimized JSON with 1 documents
2025-06-02 17:22:04,046 - file_processor - INFO - Created optimized JSON output at /workspace/modules/test_output/test_task_completion.json
2025-06-02 17:22:04,062 - blueprints.socketio_events - WARNING - Could not emit progress_update - no socketio context available
2025-06-02 17:22:04,063 - blueprints.core.services - WARNING - Failed to emit progress_update for test_completion
2025-06-02 17:22:04,065 - blueprints.core.services - INFO - Task test_completion progress: 100% - Stage: completed (100/100)
2025-06-02 17:22:04,066 - file_processor - INFO - Processing complete in 0.05s
2025-06-02 17:22:04,067 - file_processor - INFO - Stats: 1 files found, 1 processed, 0 skipped, 0 errors, 1 chunks created
2025-06-02 17:22:04,091 - blueprints.core.services - INFO - Output file validation passed: /workspace/modules/test_output/test_task_completion.json (213 bytes)
2025-06-02 17:22:04,097 - blueprints.core.services - INFO - Processing completed in 0.16s: 1/100 files processed, 0 errors, 0 skipped
2025-06-02 17:22:04,097 - blueprints.api.management - INFO - Added task test_completion to history
2025-06-02 17:22:04,098 - blueprints.core.services - INFO - Task test_completion completed - BaseTask will handle emission
2025-06-02 17:22:04,098 - blueprints.core.services - INFO - Task test_completion enhanced final stats: processed=1, errors=0, skipped=0, pdfs=0, duration=0.16s, efficiency=50.0
2025-06-02 17:22:04,099 - blueprints.core.services - INFO - Task test_completion (file_processing) completed in 0.16s.
2025-06-02 17:22:04,102 - blueprints.core.services - INFO - Processing completed in 0.16s: 1/100 files processed, 0 errors, 0 skipped
2025-06-02 17:22:04,102 - blueprints.socketio_events - WARNING - Could not emit task_completed - no socketio context available
2025-06-02 17:22:04,103 - blueprints.core.services - WARNING - Failed to emit task_completed for test_completion
2025-06-02 17:24:13,108 - blueprints.features.file_utils - WARNING - python-magic not available. Try installing python-magic-bin on Windows
2025-06-02 17:24:13,124 - blueprints.core.services - INFO - BaseTask test_socketio_fix (file_processing) created.
2025-06-02 17:24:13,143 - blueprints.core.services - INFO - Calibrated processing parameters: max_memory=2048MB, batch_size=25, gc_threshold=1536MB
2025-06-02 17:24:13,146 - blueprints.socketio_events - WARNING - Could not emit progress_update - no socketio context available
2025-06-02 17:24:13,147 - blueprints.core.services - WARNING - Failed to emit progress_update for test_socketio_fix
2025-06-02 17:24:13,148 - blueprints.core.services - INFO - Task test_socketio_fix (file_processing) started processing.
2025-06-02 17:24:13,148 - blueprints.core.services - INFO - Task test_socketio_fix (file_processing) thread started.
2025-06-02 17:24:13,149 - blueprints.socketio_events - ERROR - Error emitting task_started: Working outside of application context.

This typically means that you attempted to use functionality that needed
the current application. To solve this, set up an application context
with app.app_context(). See the documentation for more information.
2025-06-02 17:24:13,151 - blueprints.core.services - WARNING - Failed to emit task_started for test_socketio_fix
2025-06-02 17:24:13,161 - blueprints.core.services - INFO - Task test_socketio_fix: Starting enhanced file processing for directory: /workspace/modules/test_input
2025-06-02 17:24:13,163 - blueprints.socketio_events - WARNING - Could not emit progress_update - no socketio context available
2025-06-02 17:24:13,164 - blueprints.core.services - WARNING - Failed to emit progress_update for test_socketio_fix
2025-06-02 17:24:13,164 - blueprints.core.services - INFO - Task test_socketio_fix progress: 1% - Processing files in /workspace/modules/test_input with enhanced analytics...
2025-06-02 17:24:13,165 - blueprints.core.services - INFO - Using optimized file processor from blueprints.features.file_processor
2025-06-02 17:24:13,172 - blueprints.core.services - INFO - Starting main processing with batch_size=25, chunk_size=4096
2025-06-02 17:24:13,195 - file_processor - INFO - Successfully patched pytesseract to ignore temp file deletion errors
2025-06-02 17:24:13,196 - file_processor - INFO - Started temp file cleanup service
2025-06-02 17:24:13,198 - file_processor - INFO - Successfully imported pdf_extractor module
2025-06-02 17:24:13,201 - pdf_extractor - INFO - Initializing PDF extractor module...
2025-06-02 17:24:13,206 - file_processor - WARNING - Failed to initialize pdf_extractor: name 'JAVA_AVAILABLE' is not defined
2025-06-02 17:24:13,206 - file_processor - INFO - Successfully imported pdf_output_enhancer module
2025-06-02 17:24:13,219 - file_processor - INFO - Found 1 valid files in /workspace/modules/test_input (0.01s)
2025-06-02 17:24:13,228 - blueprints.socketio_events - WARNING - Could not emit progress_update - no socketio context available
2025-06-02 17:24:13,228 - blueprints.core.services - WARNING - Failed to emit progress_update for test_socketio_fix
2025-06-02 17:24:13,229 - blueprints.core.services - INFO - Task test_socketio_fix progress: 0% - Stage: discovery (0/1)
2025-06-02 17:24:13,229 - file_processor - INFO - Using thread executor with max_workers=3
2025-06-02 17:24:13,229 - file_processor - INFO - Processing batch 1/1 (1 files)
2025-06-02 17:24:13,241 - blueprints.socketio_events - WARNING - Could not emit progress_update - no socketio context available
2025-06-02 17:24:13,241 - blueprints.core.services - WARNING - Failed to emit progress_update for test_socketio_fix
2025-06-02 17:24:13,241 - blueprints.core.services - INFO - Task test_socketio_fix progress: 100% - Stage: processing (1/1)
2025-06-02 17:24:13,247 - file_processor - INFO - Ensured output directory exists: /workspace/modules/test_output
2025-06-02 17:24:13,247 - file_processor - INFO - write_optimized_json called with 1 libraries
2025-06-02 17:24:13,248 - file_processor - INFO - Total documents across all libraries: 1
2025-06-02 17:24:13,248 - file_processor - INFO - Processing library 'test.txt' with 1 documents
2025-06-02 17:24:13,254 - file_processor - INFO - Created training-optimized JSON with 1 documents
2025-06-02 17:24:13,254 - file_processor - INFO - Created optimized JSON output at /workspace/modules/test_output/test_socketio_fix.json
2025-06-02 17:24:13,265 - blueprints.socketio_events - WARNING - Could not emit progress_update - no socketio context available
2025-06-02 17:24:13,270 - blueprints.core.services - WARNING - Failed to emit progress_update for test_socketio_fix
2025-06-02 17:24:13,273 - blueprints.core.services - INFO - Task test_socketio_fix progress: 100% - Stage: completed (100/100)
2025-06-02 17:24:13,274 - file_processor - INFO - Processing complete in 0.04s
2025-06-02 17:24:13,275 - file_processor - INFO - Stats: 1 files found, 1 processed, 0 skipped, 0 errors, 1 chunks created
2025-06-02 17:24:13,282 - blueprints.core.services - INFO - Output file validation passed: /workspace/modules/test_output/test_socketio_fix.json (213 bytes)
2025-06-02 17:24:13,286 - blueprints.core.services - INFO - Processing completed in 0.16s: 1/100 files processed, 0 errors, 0 skipped
2025-06-02 17:24:13,287 - blueprints.api.management - INFO - Added task test_socketio_fix to history
2025-06-02 17:24:13,288 - blueprints.core.services - INFO - Task test_socketio_fix completed - BaseTask will handle emission
2025-06-02 17:24:13,288 - blueprints.core.services - INFO - Task test_socketio_fix enhanced final stats: processed=1, errors=0, skipped=0, pdfs=0, duration=0.16s, efficiency=50.0
2025-06-02 17:24:13,289 - blueprints.core.services - INFO - Task test_socketio_fix (file_processing) completed in 0.16s.
2025-06-02 17:24:13,292 - blueprints.core.services - INFO - Processing completed in 0.16s: 1/100 files processed, 0 errors, 0 skipped
2025-06-02 17:24:13,292 - blueprints.socketio_events - WARNING - Could not emit task_completed - no socketio context available
2025-06-02 17:24:13,292 - blueprints.core.services - WARNING - Failed to emit task_completed for test_socketio_fix
